<?xml version="1.0" encoding="UTF-8"?>
<!-- Generated by org.testng.reporters.JUnitReportReporter -->
<testsuite hostname="DESKTOP-F68JF00" failures="0" tests="1" name="API_Drug_Registry.Suggestion" time="7.494" errors="0" timestamp="2022-09-24T22:13:58 IST" skipped="0">
  <testcase classname="API_Drug_Registry.Suggestion" name="suggestionSearchTextBox" time="7.494"/>
  <system-out/>
</testsuite> <!-- API_Drug_Registry.Suggestion -->
